<?xml version="1.0" encoding="UTF-8"?>
<!-- Generated by org.testng.reporters.JUnitXMLReporter -->
<testsuite ignored="0" hostname="IND-CHN-LT11733" failures="0" tests="3" name="Default test" time="5.706" errors="0" timestamp="2024-03-27T15:49:06 IST">
  <testcase classname="com.practice.Practice" name="getUsers" time="3.481"/>
  <testcase classname="com.practice.Practice" name="getList" time="1.129"/>
  <testcase classname="com.practice.Practice" name="xmlSchemaValidation" time="0.999"/>
</testsuite> <!-- Default test -->
