<?xml version="1.0" encoding="UTF-8"?>
<testng-results ignored="0" total="3" passed="3" failed="0" skipped="0">
  <reporter-output>
  </reporter-output>
  <suite started-at="2024-03-27T15:49:00 IST" name="Default suite" finished-at="2024-03-27T15:49:06 IST" duration-ms="5706">
    <groups>
    </groups>
    <test started-at="2024-03-27T15:49:00 IST" name="Default test" finished-at="2024-03-27T15:49:06 IST" duration-ms="5706">
      <class name="com.practice.Practice">
        <test-method signature="getUsers()[pri:1, instance:com.practice.Practice@2a798d51]" started-at="2024-03-27T15:49:00 IST" name="getUsers" finished-at="2024-03-27T15:49:04 IST" duration-ms="3481" status="PASS">
          <reporter-output>
          </reporter-output>
        </test-method> <!-- getUsers -->
        <test-method signature="getList()[pri:2, instance:com.practice.Practice@2a798d51]" started-at="2024-03-27T15:49:04 IST" name="getList" finished-at="2024-03-27T15:49:05 IST" duration-ms="1129" status="PASS">
          <reporter-output>
          </reporter-output>
        </test-method> <!-- getList -->
        <test-method signature="xmlSchemaValidation()[pri:3, instance:com.practice.Practice@2a798d51]" started-at="2024-03-27T15:49:05 IST" name="xmlSchemaValidation" finished-at="2024-03-27T15:49:06 IST" duration-ms="999" status="PASS">
          <reporter-output>
          </reporter-output>
        </test-method> <!-- xmlSchemaValidation -->
      </class> <!-- com.practice.Practice -->
    </test> <!-- Default test -->
  </suite> <!-- Default suite -->
</testng-results>
